<?xml version="1.0" encoding="UTF-8"?>
<!-- Generated by org.testng.reporters.JUnitXMLReporter -->
<testsuite hostname="DESKTOP-Andrew" name="Default test" tests="3" failures="0" timestamp="15 Jun 2019 09:32:36 GMT" time="28.524" errors="0">
  <testcase name="integrationTest" time="4.302" classname="testNG.TestNG_DataProvidersWithExcel"/>
  <testcase name="integrationTest" time="4.391" classname="testNG.TestNG_DataProvidersWithExcel"/>
  <testcase name="integrationTest" time="3.947" classname="testNG.TestNG_DataProvidersWithExcel"/>
</testsuite> <!-- Default test -->
